{
  "stats": {
    "suites": 1,
    "tests": 1,
    "passes": 0,
    "pending": 0,
    "failures": 1,
    "start": "2025-11-11T14:50:42.925Z",
    "end": "2025-11-11T14:50:43.298Z",
    "duration": 373,
    "testsRegistered": 1,
    "passPercent": 0,
    "pendingPercent": 0,
    "other": 0,
    "hasOther": false,
    "skipped": 0,
    "hasSkipped": false
  },
  "results": [
    {
      "uuid": "d61873f8-9558-4e32-8c3e-4499cd301436",
      "title": "",
      "fullFile": "cypress/e2e/accessibility/demo2-navegacion.cy.js",
      "file": "cypress/e2e/accessibility/demo2-navegacion.cy.js",
      "beforeHooks": [],
      "afterHooks": [],
      "tests": [],
      "suites": [
        {
          "uuid": "2b8d5acd-a7af-4910-a5d2-9b4bac66ab0e",
          "title": "Demo 2 - Navegación por Teclado",
          "fullFile": "",
          "file": "",
          "beforeHooks": [],
          "afterHooks": [],
          "tests": [
            {
              "title": "debe pasar las pruebas de accesibilidad de navegación",
              "fullTitle": "Demo 2 - Navegación por Teclado debe pasar las pruebas de accesibilidad de navegación",
              "timedOut": null,
              "duration": 360,
              "state": "failed",
              "speed": null,
              "pass": false,
              "fail": true,
              "pending": false,
              "context": null,
              "code": "cy.runFullA11yTest('Navegación por Teclado', 2, 'nav, .navigation-container');\n// Test de navegación con teclado\ncy.get('a, button').first().focus();\ncy.focused().should('exist');",
              "err": {
                "message": "TypeError: Rules property must be an array",
                "estack": "TypeError: Rules property must be an array\n    at Object.Yf [as configure] (http://localhost:3000/__cypress/tests?p=cypress/support/e2e.js)\n    at Context.eval (webpack://deque-demos/./node_modules/cypress-axe/dist/index.js:30:0)\n    at getRet (http://localhost:3000/__cypress/runner/cypress_runner.js:122341:20)\n    at tryCatcher (http://localhost:3000/__cypress/runner/cypress_runner.js:1777:23)\n    at Promise.attempt.Promise.try (http://localhost:3000/__cypress/runner/cypress_runner.js:4285:29)\n    at Context.thenFn (http://localhost:3000/__cypress/runner/cypress_runner.js:122352:66)\n    at Context.then (http://localhost:3000/__cypress/runner/cypress_runner.js:122603:21)\n    at wrapped (http://localhost:3000/__cypress/runner/cypress_runner.js:145681:19)\n    at <unknown> (http://localhost:3000/__cypress/runner/cypress_runner.js:151628:15)",
                "diff": null
              },
              "uuid": "1410333c-152f-4f54-a9b3-c3f9d2bdd959",
              "parentUUID": "2b8d5acd-a7af-4910-a5d2-9b4bac66ab0e",
              "isHook": false,
              "skipped": false
            }
          ],
          "suites": [],
          "passes": [],
          "failures": [
            "1410333c-152f-4f54-a9b3-c3f9d2bdd959"
          ],
          "pending": [],
          "skipped": [],
          "duration": 360,
          "root": false,
          "rootEmpty": false,
          "_timeout": 2000
        }
      ],
      "passes": [],
      "failures": [],
      "pending": [],
      "skipped": [],
      "duration": 0,
      "root": true,
      "rootEmpty": true,
      "_timeout": 2000
    }
  ],
  "meta": {
    "mocha": {
      "version": "7.2.0"
    },
    "mochawesome": {
      "options": {
        "quiet": true,
        "reportFilename": "mochawesome",
        "saveHtml": false,
        "saveJson": true,
        "consoleReporter": "spec",
        "useInlineDiffs": false,
        "code": true
      },
      "version": "7.1.4"
    },
    "marge": {
      "options": {
        "id": "default",
        "reportDir": "cypress/reports",
        "quiet": true,
        "overwrite": false,
        "html": false,
        "json": true
      },
      "version": "6.3.2"
    }
  }
}