{
  "stats": {
    "suites": 1,
    "tests": 1,
    "passes": 0,
    "pending": 0,
    "failures": 1,
    "start": "2025-11-13T12:18:50.991Z",
    "end": "2025-11-13T12:18:51.541Z",
    "duration": 550,
    "testsRegistered": 1,
    "passPercent": 0,
    "pendingPercent": 0,
    "other": 0,
    "hasOther": false,
    "skipped": 0,
    "hasSkipped": false
  },
  "results": [
    {
      "uuid": "364e9915-17ef-45a1-8202-93e2d6eca297",
      "title": "",
      "fullFile": "cypress/e2e/accessibility/demo4-estructura.cy.js",
      "file": "cypress/e2e/accessibility/demo4-estructura.cy.js",
      "beforeHooks": [],
      "afterHooks": [],
      "tests": [],
      "suites": [
        {
          "uuid": "25dc6ee3-05f6-4927-9e5c-ab6743f9af95",
          "title": "Demo 4 - Estructura Semántica",
          "fullFile": "",
          "file": "",
          "beforeHooks": [],
          "afterHooks": [],
          "tests": [
            {
              "title": "debe pasar las pruebas de estructura semántica",
              "fullTitle": "Demo 4 - Estructura Semántica debe pasar las pruebas de estructura semántica",
              "timedOut": null,
              "duration": 501,
              "state": "failed",
              "speed": null,
              "pass": false,
              "fail": true,
              "pending": false,
              "context": null,
              "code": "cy.runFullA11yTest('Estructura Semántica', 4);\n// Verificar estructura de headings\ncy.get('h1').should('exist');\ncy.get('h2').should('have.length.at.least', 1);",
              "err": {
                "message": "CypressError: `cy.visit()` failed trying to load:\n\nhttp://localhost:3000/demo4-estructura.html\n\nThe response we received from your web server was:\n\n  > 404: Not Found\n\nThis was considered a failure because the status code was not `2xx`.\n\nIf you do not want status codes to cause failures pass the option: `failOnStatusCode: false`\n\nBecause this error occurred during a `before each` hook we are skipping the remaining tests in the current suite: `Demo 4 - Estructura Semántica`",
                "estack": "CypressError: `cy.visit()` failed trying to load:\n\nhttp://localhost:3000/demo4-estructura.html\n\nThe response we received from your web server was:\n\n  > 404: Not Found\n\nThis was considered a failure because the status code was not `2xx`.\n\nIf you do not want status codes to cause failures pass the option: `failOnStatusCode: false`\n\nBecause this error occurred during a `before each` hook we are skipping the remaining tests in the current suite: `Demo 4 - Estructura Semántica`\n    at <unknown> (http://localhost:3000/__cypress/runner/cypress_runner.js:134495:76)\n    at visitFailedByErr (http://localhost:3000/__cypress/runner/cypress_runner.js:134085:12)\n    at <unknown> (http://localhost:3000/__cypress/runner/cypress_runner.js:134478:13)\n    at tryCatcher (http://localhost:3000/__cypress/runner/cypress_runner.js:1777:23)\n    at Promise._settlePromiseFromHandler (http://localhost:3000/__cypress/runner/cypress_runner.js:1489:31)\n    at Promise._settlePromise (http://localhost:3000/__cypress/runner/cypress_runner.js:1546:18)\n    at Promise._settlePromise0 (http://localhost:3000/__cypress/runner/cypress_runner.js:1591:10)\n    at Promise._settlePromises (http://localhost:3000/__cypress/runner/cypress_runner.js:1667:18)\n    at _drainQueueStep (http://localhost:3000/__cypress/runner/cypress_runner.js:2377:12)\n    at _drainQueue (http://localhost:3000/__cypress/runner/cypress_runner.js:2370:9)\n    at Async._drainQueues (http://localhost:3000/__cypress/runner/cypress_runner.js:2386:5)\n    at Async.drainQueues (http://localhost:3000/__cypress/runner/cypress_runner.js:2256:14)\nFrom Your Spec Code:\n    at Context.eval (webpack://deque-demos/./cypress/e2e/accessibility/demo4-estructura.cy.js:4:11)",
                "diff": null
              },
              "uuid": "edcaba2c-dc20-44a9-b237-82c7e9c80bc4",
              "parentUUID": "25dc6ee3-05f6-4927-9e5c-ab6743f9af95",
              "isHook": false,
              "skipped": false
            }
          ],
          "suites": [],
          "passes": [],
          "failures": [
            "edcaba2c-dc20-44a9-b237-82c7e9c80bc4"
          ],
          "pending": [],
          "skipped": [],
          "duration": 501,
          "root": false,
          "rootEmpty": false,
          "_timeout": 2000
        }
      ],
      "passes": [],
      "failures": [],
      "pending": [],
      "skipped": [],
      "duration": 0,
      "root": true,
      "rootEmpty": true,
      "_timeout": 2000
    }
  ],
  "meta": {
    "mocha": {
      "version": "7.2.0"
    },
    "mochawesome": {
      "options": {
        "quiet": true,
        "reportFilename": "mochawesome",
        "saveHtml": false,
        "saveJson": true,
        "consoleReporter": "spec",
        "useInlineDiffs": false,
        "code": true
      },
      "version": "7.1.4"
    },
    "marge": {
      "options": {
        "id": "default",
        "reportDir": "cypress/reports",
        "quiet": true,
        "overwrite": false,
        "html": false,
        "json": true
      },
      "version": "6.3.2"
    }
  }
}