{
  "stats": {
    "suites": 1,
    "tests": 1,
    "passes": 0,
    "pending": 0,
    "failures": 1,
    "start": "2025-11-11T14:50:49.816Z",
    "end": "2025-11-11T14:50:50.154Z",
    "duration": 338,
    "testsRegistered": 1,
    "passPercent": 0,
    "pendingPercent": 0,
    "other": 0,
    "hasOther": false,
    "skipped": 0,
    "hasSkipped": false
  },
  "results": [
    {
      "uuid": "628b0673-3db0-4af7-90b9-dbd75eb554d0",
      "title": "",
      "fullFile": "cypress/e2e/accessibility/demo6-aria.cy.js",
      "file": "cypress/e2e/accessibility/demo6-aria.cy.js",
      "beforeHooks": [],
      "afterHooks": [],
      "tests": [],
      "suites": [
        {
          "uuid": "0e1ab431-b379-4ebe-9c83-2551953832f0",
          "title": "Demo 6 - Atributos ARIA",
          "fullFile": "",
          "file": "",
          "beforeHooks": [],
          "afterHooks": [],
          "tests": [
            {
              "title": "debe pasar las pruebas de atributos ARIA",
              "fullTitle": "Demo 6 - Atributos ARIA debe pasar las pruebas de atributos ARIA",
              "timedOut": null,
              "duration": 328,
              "state": "failed",
              "speed": null,
              "pass": false,
              "fail": true,
              "pending": false,
              "context": null,
              "code": "cy.runFullA11yTest('Atributos ARIA', 6, '.aria-demo, [aria-*]');\n// Verificar ARIA attributes válidos\ncy.get('[aria-label]').should('have.attr', 'aria-label');",
              "err": {
                "message": "TypeError: Rules property must be an array",
                "estack": "TypeError: Rules property must be an array\n    at Object.Yf [as configure] (http://localhost:3000/__cypress/tests?p=cypress/support/e2e.js)\n    at Context.eval (webpack://deque-demos/./node_modules/cypress-axe/dist/index.js:30:0)\n    at getRet (http://localhost:3000/__cypress/runner/cypress_runner.js:122341:20)\n    at tryCatcher (http://localhost:3000/__cypress/runner/cypress_runner.js:1777:23)\n    at Promise.attempt.Promise.try (http://localhost:3000/__cypress/runner/cypress_runner.js:4285:29)\n    at Context.thenFn (http://localhost:3000/__cypress/runner/cypress_runner.js:122352:66)\n    at Context.then (http://localhost:3000/__cypress/runner/cypress_runner.js:122603:21)\n    at wrapped (http://localhost:3000/__cypress/runner/cypress_runner.js:145681:19)\n    at <unknown> (http://localhost:3000/__cypress/runner/cypress_runner.js:151628:15)",
                "diff": null
              },
              "uuid": "e674acd8-b5ac-4032-a1cf-a9c35ab42b9a",
              "parentUUID": "0e1ab431-b379-4ebe-9c83-2551953832f0",
              "isHook": false,
              "skipped": false
            }
          ],
          "suites": [],
          "passes": [],
          "failures": [
            "e674acd8-b5ac-4032-a1cf-a9c35ab42b9a"
          ],
          "pending": [],
          "skipped": [],
          "duration": 328,
          "root": false,
          "rootEmpty": false,
          "_timeout": 2000
        }
      ],
      "passes": [],
      "failures": [],
      "pending": [],
      "skipped": [],
      "duration": 0,
      "root": true,
      "rootEmpty": true,
      "_timeout": 2000
    }
  ],
  "meta": {
    "mocha": {
      "version": "7.2.0"
    },
    "mochawesome": {
      "options": {
        "quiet": true,
        "reportFilename": "mochawesome",
        "saveHtml": false,
        "saveJson": true,
        "consoleReporter": "spec",
        "useInlineDiffs": false,
        "code": true
      },
      "version": "7.1.4"
    },
    "marge": {
      "options": {
        "id": "default",
        "reportDir": "cypress/reports",
        "quiet": true,
        "overwrite": false,
        "html": false,
        "json": true
      },
      "version": "6.3.2"
    }
  }
}