{
  "stats": {
    "suites": 1,
    "tests": 1,
    "passes": 0,
    "pending": 0,
    "failures": 1,
    "start": "2025-11-11T14:50:41.041Z",
    "end": "2025-11-11T14:50:41.701Z",
    "duration": 660,
    "testsRegistered": 1,
    "passPercent": 0,
    "pendingPercent": 0,
    "other": 0,
    "hasOther": false,
    "skipped": 0,
    "hasSkipped": false
  },
  "results": [
    {
      "uuid": "b3fd6b63-b9b3-41cd-8966-8f8a0f9043d5",
      "title": "",
      "fullFile": "cypress/e2e/accessibility/demo1-formularios.cy.js",
      "file": "cypress/e2e/accessibility/demo1-formularios.cy.js",
      "beforeHooks": [],
      "afterHooks": [],
      "tests": [],
      "suites": [
        {
          "uuid": "f3aa17e2-33c8-498c-bf25-c78d9b7904d4",
          "title": "Demo 1 - Formularios Accesibles",
          "fullFile": "",
          "file": "",
          "beforeHooks": [],
          "afterHooks": [],
          "tests": [
            {
              "title": "debe pasar las pruebas de accesibilidad de formularios",
              "fullTitle": "Demo 1 - Formularios Accesibles debe pasar las pruebas de accesibilidad de formularios",
              "timedOut": null,
              "duration": 647,
              "state": "failed",
              "speed": null,
              "pass": false,
              "fail": true,
              "pending": false,
              "context": null,
              "code": "cy.runFullA11yTest('Formularios Accesibles', 1, 'form, .form-container');\n// Verificaciones específicas para formularios\ncy.get('input[required]').each($input => {\n  cy.wrap($input).should('have.attr', 'aria-required', 'true');\n});\ncy.get('label').should('exist');\ncy.get('button').should('have.attr', 'type');",
              "err": {
                "message": "TypeError: Rules property must be an array",
                "estack": "TypeError: Rules property must be an array\n    at Object.Yf [as configure] (http://localhost:3000/__cypress/tests?p=cypress/support/e2e.js)\n    at Context.eval (webpack://deque-demos/./node_modules/cypress-axe/dist/index.js:30:0)\n    at getRet (http://localhost:3000/__cypress/runner/cypress_runner.js:122341:20)\n    at tryCatcher (http://localhost:3000/__cypress/runner/cypress_runner.js:1777:23)\n    at Promise.attempt.Promise.try (http://localhost:3000/__cypress/runner/cypress_runner.js:4285:29)\n    at Context.thenFn (http://localhost:3000/__cypress/runner/cypress_runner.js:122352:66)\n    at Context.then (http://localhost:3000/__cypress/runner/cypress_runner.js:122603:21)\n    at wrapped (http://localhost:3000/__cypress/runner/cypress_runner.js:145681:19)\n    at <unknown> (http://localhost:3000/__cypress/runner/cypress_runner.js:151628:15)",
                "diff": null
              },
              "uuid": "c88e7a81-770e-4496-b668-b4d085cf920c",
              "parentUUID": "f3aa17e2-33c8-498c-bf25-c78d9b7904d4",
              "isHook": false,
              "skipped": false
            }
          ],
          "suites": [],
          "passes": [],
          "failures": [
            "c88e7a81-770e-4496-b668-b4d085cf920c"
          ],
          "pending": [],
          "skipped": [],
          "duration": 647,
          "root": false,
          "rootEmpty": false,
          "_timeout": 2000
        }
      ],
      "passes": [],
      "failures": [],
      "pending": [],
      "skipped": [],
      "duration": 0,
      "root": true,
      "rootEmpty": true,
      "_timeout": 2000
    }
  ],
  "meta": {
    "mocha": {
      "version": "7.2.0"
    },
    "mochawesome": {
      "options": {
        "quiet": true,
        "reportFilename": "mochawesome",
        "saveHtml": false,
        "saveJson": true,
        "consoleReporter": "spec",
        "useInlineDiffs": false,
        "code": true
      },
      "version": "7.1.4"
    },
    "marge": {
      "options": {
        "id": "default",
        "reportDir": "cypress/reports",
        "quiet": true,
        "overwrite": false,
        "html": false,
        "json": true
      },
      "version": "6.3.2"
    }
  }
}